<?xml version="1.0" encoding="UTF-8"?>
<testng-results ignored="0" total="1" passed="1" failed="0" skipped="0">
  <reporter-output>
  </reporter-output>
  <suite started-at="2023-04-09T16:17:53 IST" name="Default suite" finished-at="2023-04-09T16:18:10 IST" duration-ms="16267">
    <groups>
    </groups>
    <test started-at="2023-04-09T16:17:53 IST" name="Default test" finished-at="2023-04-09T16:18:10 IST" duration-ms="16267">
      <class name="assignment.Scenario2">
        <test-method is-config="true" signature="BS()[pri:0, instance:assignment.Scenario2@593aaf41]" started-at="2023-04-09T16:17:53 IST" name="BS" finished-at="2023-04-09T16:17:53 IST" duration-ms="6" status="PASS">
          <reporter-output>
          </reporter-output>
        </test-method> <!-- BS -->
        <test-method is-config="true" signature="BT()[pri:0, instance:assignment.Scenario2@593aaf41]" started-at="2023-04-09T16:17:53 IST" name="BT" finished-at="2023-04-09T16:17:53 IST" duration-ms="1" status="PASS">
          <reporter-output>
          </reporter-output>
        </test-method> <!-- BT -->
        <test-method is-config="true" signature="BC()[pri:0, instance:assignment.Scenario2@593aaf41]" started-at="2023-04-09T16:17:53 IST" name="BC" finished-at="2023-04-09T16:17:55 IST" duration-ms="1553" status="PASS">
          <reporter-output>
          </reporter-output>
        </test-method> <!-- BC -->
        <test-method is-config="true" signature="BM()[pri:0, instance:assignment.Scenario2@593aaf41]" started-at="2023-04-09T16:17:55 IST" name="BM" finished-at="2023-04-09T16:17:58 IST" duration-ms="2654" status="PASS">
          <reporter-output>
          </reporter-output>
        </test-method> <!-- BM -->
        <test-method signature="scenarioTest()[pri:0, instance:assignment.Scenario2@593aaf41]" started-at="2023-04-09T16:17:58 IST" name="scenarioTest" finished-at="2023-04-09T16:18:10 IST" duration-ms="12026" status="PASS">
          <reporter-output>
          </reporter-output>
        </test-method> <!-- scenarioTest -->
        <test-method is-config="true" signature="AM()[pri:0, instance:assignment.Scenario2@593aaf41]" started-at="2023-04-09T16:18:10 IST" name="AM" finished-at="2023-04-09T16:18:10 IST" duration-ms="1" status="PASS">
          <reporter-output>
          </reporter-output>
        </test-method> <!-- AM -->
        <test-method is-config="true" signature="AC()[pri:0, instance:assignment.Scenario2@593aaf41]" started-at="2023-04-09T16:18:10 IST" name="AC" finished-at="2023-04-09T16:18:10 IST" duration-ms="0" status="PASS">
          <reporter-output>
          </reporter-output>
        </test-method> <!-- AC -->
        <test-method is-config="true" signature="AT()[pri:0, instance:assignment.Scenario2@593aaf41]" started-at="2023-04-09T16:18:10 IST" name="AT" finished-at="2023-04-09T16:18:10 IST" duration-ms="1" status="PASS">
          <reporter-output>
          </reporter-output>
        </test-method> <!-- AT -->
        <test-method is-config="true" signature="AS()[pri:0, instance:assignment.Scenario2@593aaf41]" started-at="2023-04-09T16:18:10 IST" name="AS" finished-at="2023-04-09T16:18:10 IST" duration-ms="0" status="PASS">
          <reporter-output>
          </reporter-output>
        </test-method> <!-- AS -->
      </class> <!-- assignment.Scenario2 -->
    </test> <!-- Default test -->
  </suite> <!-- Default suite -->
</testng-results>
